<?xml version="1.0" encoding="UTF-8" ?>
<testsuite tests="6" failures="1" name="testRunner.TestRun" time="77.738" errors="0" skipped="0">
  <properties>
[...]
</properties>
  <testcase classname="Customers" name="Add new Customer" time="23.183"/>
  <testcase classname="Customers" name="Saerch Customer by email" time="16.192"/>
  <testcase classname="Customers" name="Saerch Customer by First name and Last name" time="8.686"/>
  <testcase classname="Login" name="Successful login with valid credentials" time="12.683"/>
  <testcase classname="Login" name="Login data driven #1" time="9.829"/>
  <testcase classname="Login" name="Login data driven #2" time="7.165">
    <failure type="java.lang.AssertionError">java.lang.AssertionError
	at org.junit.Assert.fail(Assert.java:87)
	at org.junit.Assert.assertTrue(Assert.java:42)
	at org.junit.Assert.assertTrue(Assert.java:53)
	at stepDefinitions.loginSteps.page_title_should_be(loginSteps.java:80)
	at ✽.Page title should be &quot;Dashboard / nopCommerce administration&quot;(file:///C:/Users/PC/eclipse-workspace/nopCommerceCucumber/./Features/Login.feature:19)
</failure>
    <system-out>
@regression
Scenario Outline: Login data driven                                  # Features/Login.feature:27
  Given User launch the browser                                      # stepDefinitions.loginSteps.user_launch_the_browser()
  When User opens URL &quot;https://admin-demo.nopcommerce.com/login&quot;     # stepDefinitions.loginSteps.user_opens_url(java.lang.String)
  And User enters Email as &quot;admin@hhhhh.com&quot; and Password as &quot;amdkk&quot; # stepDefinitions.loginSteps.user_enters_email_as_and_password_as(java.lang.String,java.lang.String)
  And Click on Login button                                          # stepDefinitions.loginSteps.click_on_login_button()
  Then Page title should be &quot;Dashboard / nopCommerce administration&quot; # stepDefinitions.loginSteps.page_title_should_be(java.lang.String)
      java.lang.AssertionError
	at org.junit.Assert.fail(Assert.java:87)
	at org.junit.Assert.assertTrue(Assert.java:42)
	at org.junit.Assert.assertTrue(Assert.java:53)
	at stepDefinitions.loginSteps.page_title_should_be(loginSteps.java:80)
	at âœ½.Page title should be &quot;Dashboard / nopCommerce administration&quot;(file:///C:/Users/PC/eclipse-workspace/nopCommerceCucumber/./Features/Login.feature:19)

  When User click on log out link                                    # stepDefinitions.loginSteps.user_click_on_log_out_link()
  Then Page title should be &quot;Your store. Login&quot;                      # stepDefinitions.loginSteps.page_title_should_be(java.lang.String)
  And Close the browser                                              # stepDefinitions.loginSteps.close_the_browser()
</system-out>
    <system-err>Starting ChromeDriver 106.0.5249.61 (511755355844955cd3e264779baf0dd38212a4d0-refs/branch-heads/5249@{#569}) on port 54253
Only local connections are allowed.
Please see https://chromedriver.chromium.org/security-considerations for suggestions on keeping ChromeDriver safe.
ChromeDriver was started successfully.
Oct 28, 2022 12:51:11 PM org.openqa.selenium.remote.ProtocolHandshake createSession
INFO: Detected upstream dialect: W3C
Oct 28, 2022 12:51:11 PM org.openqa.selenium.devtools.CdpVersionFinder findNearestMatch
INFO: Found exact CDP implementation for version 106
</system-err>
  </testcase>
</testsuite>